  testscene.cpp
c:\users\aahie\source\repos\gamejam2021\gamejam2021\testscene.cpp(423): warning C4305: '*=': truncation from 'double' to 'float'
c:\users\aahie\source\repos\gamejam2021\gamejam2021\testscene.cpp(587): warning C4244: 'argument': conversion from 'float' to 'T', possible loss of data
          with
          [
              T=int
          ]
c:\users\aahie\source\repos\gamejam2021\gamejam2021\testscene.cpp(588): warning C4244: 'argument': conversion from 'float' to 'T', possible loss of data
          with
          [
              T=int
          ]
c:\users\aahie\source\repos\gamejam2021\gamejam2021\testscene.cpp(659): warning C4244: 'argument': conversion from 'double' to 'float', possible loss of data
c:\users\aahie\source\repos\gamejam2021\gamejam2021\testscene.cpp(668): warning C4244: 'argument': conversion from 'double' to 'float', possible loss of data
c:\users\aahie\source\repos\gamejam2021\gamejam2021\testscene.cpp(677): warning C4244: 'argument': conversion from 'double' to 'float', possible loss of data
c:\users\aahie\source\repos\gamejam2021\gamejam2021\testscene.cpp(686): warning C4244: 'argument': conversion from 'double' to 'float', possible loss of data
c:\users\aahie\source\repos\gamejam2021\gamejam2021\testscene.cpp(695): warning C4244: 'argument': conversion from 'double' to 'float', possible loss of data
  Generating code
  1 of 290 functions ( 0.3%) were compiled, the rest were copied from previous compilation.
    0 functions were new in current compilation
    1 functions had inline decision re-evaluated but remain unchanged
  Finished generating code
  gamejam2021.vcxproj -> C:\Users\aahie\source\repos\gamejam2021\Release\SpaceQuest.exe
