c:\users\aahie\source\repos\gamejam2021\gamejam2021\release\vc141.pdb
c:\users\aahie\source\repos\gamejam2021\gamejam2021\release\testscene.obj
c:\users\aahie\source\repos\gamejam2021\gamejam2021\release\polyship.obj
c:\users\aahie\source\repos\gamejam2021\gamejam2021\release\polymissile.obj
c:\users\aahie\source\repos\gamejam2021\gamejam2021\release\polygrid.obj
c:\users\aahie\source\repos\gamejam2021\gamejam2021\release\polyenemybouncer.obj
c:\users\aahie\source\repos\gamejam2021\gamejam2021\release\polyenemy.obj
c:\users\aahie\source\repos\gamejam2021\gamejam2021\release\polyboss.obj
c:\users\aahie\source\repos\gamejam2021\gamejam2021\release\polybarrier.obj
c:\users\aahie\source\repos\gamejam2021\gamejam2021\release\polyasteroid.obj
c:\users\aahie\source\repos\gamejam2021\gamejam2021\release\point.obj
c:\users\aahie\source\repos\gamejam2021\gamejam2021\release\main.obj
c:\users\aahie\source\repos\gamejam2021\gamejam2021\release\cubegrid.obj
c:\users\aahie\source\repos\gamejam2021\gamejam2021\release\cube.obj
c:\users\aahie\source\repos\gamejam2021\gamejam2021\release\camera.obj
c:\users\aahie\source\repos\gamejam2021\release\spacequest.ipdb
c:\users\aahie\source\repos\gamejam2021\release\spacequest.iobj
c:\users\aahie\source\repos\gamejam2021\release\spacequest.pdb
c:\users\aahie\source\repos\gamejam2021\gamejam2021\release\gamejam2021.tlog\cl.command.1.tlog
c:\users\aahie\source\repos\gamejam2021\gamejam2021\release\gamejam2021.tlog\cl.read.1.tlog
c:\users\aahie\source\repos\gamejam2021\gamejam2021\release\gamejam2021.tlog\cl.write.1.tlog
c:\users\aahie\source\repos\gamejam2021\gamejam2021\release\gamejam2021.tlog\gamejam2021.write.1u.tlog
c:\users\aahie\source\repos\gamejam2021\gamejam2021\release\gamejam2021.tlog\link.command.1.tlog
c:\users\aahie\source\repos\gamejam2021\gamejam2021\release\gamejam2021.tlog\link.read.1.tlog
c:\users\aahie\source\repos\gamejam2021\gamejam2021\release\gamejam2021.tlog\link.write.1.tlog
